Analysis & Synthesis report for Periodmetru
Sun Feb 09 19:48:00 2025
Quartus II Version 9.1 Build 350 03/24/2010 Service Pack 2 SJ Web Edition


---------------------
; Table of Contents ;
---------------------
  1. Legal Notice
  2. Analysis & Synthesis Summary
  3. Analysis & Synthesis Settings
  4. Parallel Compilation
  5. Analysis & Synthesis Source Files Read
  6. Analysis & Synthesis Resource Usage Summary
  7. Analysis & Synthesis Resource Utilization by Entity
  8. General Register Statistics
  9. Multiplexer Restructuring Statistics (Restructuring Performed)
 10. Analysis & Synthesis Messages



----------------
; Legal Notice ;
----------------
Copyright (C) 1991-2010 Altera Corporation
Your use of Altera Corporation's design tools, logic functions 
and other software and tools, and its AMPP partner logic 
functions, and any output files from any of the foregoing 
(including device programming or simulation files), and any 
associated documentation or information are expressly subject 
to the terms and conditions of the Altera Program License 
Subscription Agreement, Altera MegaCore Function License 
Agreement, or other applicable license agreement, including, 
without limitation, that your use is for the sole purpose of 
programming logic devices manufactured by Altera and sold by 
Altera or its authorized distributors.  Please refer to the 
applicable agreement for further details.



+----------------------------------------------------------------------------+
; Analysis & Synthesis Summary                                               ;
+-----------------------------+----------------------------------------------+
; Analysis & Synthesis Status ; Successful - Sun Feb 09 19:48:00 2025        ;
; Quartus II Version          ; 9.1 Build 350 03/24/2010 SP 2 SJ Web Edition ;
; Revision Name               ; Periodmetru                                  ;
; Top-level Entity Name       ; Periodmetru                                  ;
; Family                      ; MAX II                                       ;
; Total logic elements        ; 105                                          ;
; Total pins                  ; 53                                           ;
; Total virtual pins          ; 0                                            ;
; UFM blocks                  ; 0 / 1 ( 0 % )                                ;
+-----------------------------+----------------------------------------------+


+----------------------------------------------------------------------------------------------------------------------+
; Analysis & Synthesis Settings                                                                                        ;
+----------------------------------------------------------------------------+--------------------+--------------------+
; Option                                                                     ; Setting            ; Default Value      ;
+----------------------------------------------------------------------------+--------------------+--------------------+
; Top-level entity name                                                      ; Periodmetru        ; Periodmetru        ;
; Family name                                                                ; MAX II             ; Stratix II         ;
; Use Generated Physical Constraints File                                    ; Off                ;                    ;
; Use smart compilation                                                      ; Off                ; Off                ;
; Enable parallel Assembler and TimeQuest Timing Analyzer during compilation ; On                 ; On                 ;
; Enable compact report table                                                ; Off                ; Off                ;
; Restructure Multiplexers                                                   ; Auto               ; Auto               ;
; Create Debugging Nodes for IP Cores                                        ; Off                ; Off                ;
; Preserve fewer node names                                                  ; On                 ; On                 ;
; Disable OpenCore Plus hardware evaluation                                  ; Off                ; Off                ;
; Verilog Version                                                            ; Verilog_2001       ; Verilog_2001       ;
; VHDL Version                                                               ; VHDL_1993          ; VHDL_1993          ;
; State Machine Processing                                                   ; Auto               ; Auto               ;
; Safe State Machine                                                         ; Off                ; Off                ;
; Extract Verilog State Machines                                             ; On                 ; On                 ;
; Extract VHDL State Machines                                                ; On                 ; On                 ;
; Ignore Verilog initial constructs                                          ; Off                ; Off                ;
; Iteration limit for constant Verilog loops                                 ; 5000               ; 5000               ;
; Iteration limit for non-constant Verilog loops                             ; 250                ; 250                ;
; Add Pass-Through Logic to Inferred RAMs                                    ; On                 ; On                 ;
; Parallel Synthesis                                                         ; On                 ; On                 ;
; NOT Gate Push-Back                                                         ; On                 ; On                 ;
; Power-Up Don't Care                                                        ; On                 ; On                 ;
; Remove Redundant Logic Cells                                               ; Off                ; Off                ;
; Remove Duplicate Registers                                                 ; On                 ; On                 ;
; Ignore CARRY Buffers                                                       ; Off                ; Off                ;
; Ignore CASCADE Buffers                                                     ; Off                ; Off                ;
; Ignore GLOBAL Buffers                                                      ; Off                ; Off                ;
; Ignore ROW GLOBAL Buffers                                                  ; Off                ; Off                ;
; Ignore LCELL Buffers                                                       ; Off                ; Off                ;
; Ignore SOFT Buffers                                                        ; On                 ; On                 ;
; Limit AHDL Integers to 32 Bits                                             ; Off                ; Off                ;
; Optimization Technique                                                     ; Balanced           ; Balanced           ;
; Carry Chain Length                                                         ; 70                 ; 70                 ;
; Auto Carry Chains                                                          ; On                 ; On                 ;
; Auto Open-Drain Pins                                                       ; On                 ; On                 ;
; Perform WYSIWYG Primitive Resynthesis                                      ; Off                ; Off                ;
; Auto Shift Register Replacement                                            ; Auto               ; Auto               ;
; Auto Clock Enable Replacement                                              ; On                 ; On                 ;
; Allow Synchronous Control Signals                                          ; On                 ; On                 ;
; Force Use of Synchronous Clear Signals                                     ; Off                ; Off                ;
; Auto Resource Sharing                                                      ; Off                ; Off                ;
; Use LogicLock Constraints during Resource Balancing                        ; On                 ; On                 ;
; Ignore translate_off and synthesis_off directives                          ; Off                ; Off                ;
; Show Parameter Settings Tables in Synthesis Report                         ; On                 ; On                 ;
; Ignore Maximum Fan-Out Assignments                                         ; Off                ; Off                ;
; Synchronization Register Chain Length                                      ; 2                  ; 2                  ;
; PowerPlay Power Optimization                                               ; Normal compilation ; Normal compilation ;
; HDL message level                                                          ; Level2             ; Level2             ;
; Suppress Register Optimization Related Messages                            ; Off                ; Off                ;
; Number of Removed Registers Reported in Synthesis Report                   ; 5000               ; 5000               ;
; Number of Inverted Registers Reported in Synthesis Report                  ; 100                ; 100                ;
; Clock MUX Protection                                                       ; On                 ; On                 ;
; Block Design Naming                                                        ; Auto               ; Auto               ;
; Synthesis Effort                                                           ; Auto               ; Auto               ;
; Shift Register Replacement - Allow Asynchronous Clear Signal               ; On                 ; On                 ;
; Analysis & Synthesis Message Level                                         ; Medium             ; Medium             ;
; Disable Register Merging Across Hierarchies                                ; Auto               ; Auto               ;
+----------------------------------------------------------------------------+--------------------+--------------------+


Parallel compilation was disabled, but you have multiple processors available. Enable parallel compilation to reduce compilation time.
+-------------------------------------+
; Parallel Compilation                ;
+----------------------------+--------+
; Processors                 ; Number ;
+----------------------------+--------+
; Number detected on machine ; 10     ;
; Maximum allowed            ; 1      ;
+----------------------------+--------+


+------------------------------------------------------------------------------------------------------------------------------------------------------------------+
; Analysis & Synthesis Source Files Read                                                                                                                           ;
+----------------------------------+-----------------+------------------------------------+------------------------------------------------------------------------+
; File Name with User-Entered Path ; Used in Netlist ; File Type                          ; File Name with Absolute Path                                           ;
+----------------------------------+-----------------+------------------------------------+------------------------------------------------------------------------+
; Divizor_3.bdf                    ; yes             ; User Block Diagram/Schematic File  ; C:/Users/CatWarrior/Downloads/Proiect_SD/Divizor_3.bdf                 ;
; Divizor_2.bdf                    ; yes             ; User Block Diagram/Schematic File  ; C:/Users/CatWarrior/Downloads/Proiect_SD/Divizor_2.bdf                 ;
; Div_16.bdf                       ; yes             ; User Block Diagram/Schematic File  ; C:/Users/CatWarrior/Downloads/Proiect_SD/Div_16.bdf                    ;
; Div_81.bdf                       ; yes             ; User Block Diagram/Schematic File  ; C:/Users/CatWarrior/Downloads/Proiect_SD/Div_81.bdf                    ;
; Div_1296.bdf                     ; yes             ; User Block Diagram/Schematic File  ; C:/Users/CatWarrior/Downloads/Proiect_SD/Div_1296.bdf                  ;
; Bloc_Divizare.bdf                ; yes             ; User Block Diagram/Schematic File  ; C:/Users/CatWarrior/Downloads/Proiect_SD/Bloc_Divizare.bdf             ;
; Div_10.bdf                       ; yes             ; User Block Diagram/Schematic File  ; C:/Users/CatWarrior/Downloads/Proiect_SD/Div_10.bdf                    ;
; Div_5.bdf                        ; yes             ; User Block Diagram/Schematic File  ; C:/Users/CatWarrior/Downloads/Proiect_SD/Div_5.bdf                     ;
; Periodmetru.bdf                  ; yes             ; User Block Diagram/Schematic File  ; C:/Users/CatWarrior/Downloads/Proiect_SD/Periodmetru.bdf               ;
; Mux21.bdf                        ; yes             ; User Block Diagram/Schematic File  ; C:/Users/CatWarrior/Downloads/Proiect_SD/Mux21.bdf                     ;
; Registru_Memorare.bdf            ; yes             ; User Block Diagram/Schematic File  ; C:/Users/CatWarrior/Downloads/Proiect_SD/Registru_Memorare.bdf         ;
; Bloc_Memorare.bdf                ; yes             ; User Block Diagram/Schematic File  ; C:/Users/CatWarrior/Downloads/Proiect_SD/Bloc_Memorare.bdf             ;
; Bloc_Comanda.bdf                 ; yes             ; User Block Diagram/Schematic File  ; C:/Users/CatWarrior/Downloads/Proiect_SD/Bloc_Comanda.bdf              ;
; Numarator_V2.bdf                 ; yes             ; User Block Diagram/Schematic File  ; C:/Users/CatWarrior/Downloads/Proiect_SD/Numarator_V2.bdf              ;
; Bloc_Numarare_V2.bdf             ; yes             ; User Block Diagram/Schematic File  ; C:/Users/CatWarrior/Downloads/Proiect_SD/Bloc_Numarare_V2.bdf          ;
; Mux41.bdf                        ; yes             ; User Block Diagram/Schematic File  ; C:/Users/CatWarrior/Downloads/Proiect_SD/Mux41.bdf                     ;
; Bloc_Decodificare_Afisare.bdf    ; yes             ; User Block Diagram/Schematic File  ; C:/Users/CatWarrior/Downloads/Proiect_SD/Bloc_Decodificare_Afisare.bdf ;
; Decodificator.bdf                ; yes             ; User Block Diagram/Schematic File  ; C:/Users/CatWarrior/Downloads/Proiect_SD/Decodificator.bdf             ;
; Decodificator_de_adresa.bdf      ; yes             ; User Block Diagram/Schematic File  ; C:/Users/CatWarrior/Downloads/Proiect_SD/Decodificator_de_adresa.bdf   ;
; Scaner.bdf                       ; yes             ; User Block Diagram/Schematic File  ; C:/Users/CatWarrior/Downloads/Proiect_SD/Scaner.bdf                    ;
+----------------------------------+-----------------+------------------------------------+------------------------------------------------------------------------+


+------------------------------------------------------------------------------------------------+
; Analysis & Synthesis Resource Usage Summary                                                    ;
+---------------------------------------------+--------------------------------------------------+
; Resource                                    ; Usage                                            ;
+---------------------------------------------+--------------------------------------------------+
; Total logic elements                        ; 105                                              ;
;     -- Combinational with no register       ; 31                                               ;
;     -- Register only                        ; 16                                               ;
;     -- Combinational with a register        ; 58                                               ;
;                                             ;                                                  ;
; Logic element usage by number of LUT inputs ;                                                  ;
;     -- 4 input functions                    ; 23                                               ;
;     -- 3 input functions                    ; 17                                               ;
;     -- 2 input functions                    ; 30                                               ;
;     -- 1 input functions                    ; 19                                               ;
;     -- 0 input functions                    ; 0                                                ;
;                                             ;                                                  ;
; Logic elements by mode                      ;                                                  ;
;     -- normal mode                          ; 105                                              ;
;     -- arithmetic mode                      ; 0                                                ;
;     -- qfbk mode                            ; 0                                                ;
;     -- register cascade mode                ; 0                                                ;
;     -- synchronous clear/load mode          ; 0                                                ;
;     -- asynchronous clear/load mode         ; 16                                               ;
;                                             ;                                                  ;
; Total registers                             ; 74                                               ;
; I/O pins                                    ; 53                                               ;
; Maximum fan-out node                        ; Bloc_Divizare:inst|Mux41:inst8|Mux21:inst2|inst5 ;
; Maximum fan-out                             ; 20                                               ;
; Total fan-out                               ; 377                                              ;
; Average fan-out                             ; 2.39                                             ;
+---------------------------------------------+--------------------------------------------------+


+-----------------------------------------------------------------------------------------------------------------------------------------------------------------------------------------------------------------------------------------------------------------------------------------+
; Analysis & Synthesis Resource Utilization by Entity                                                                                                                                                                                                                                     ;
+---------------------------------------+-------------+--------------+------------+------+--------------+--------------+-------------------+------------------+-----------------+------------+-----------------------------------------------------------------------------+--------------+
; Compilation Hierarchy Node            ; Logic Cells ; LC Registers ; UFM Blocks ; Pins ; Virtual Pins ; LUT-Only LCs ; Register-Only LCs ; LUT/Register LCs ; Carry Chain LCs ; Packed LCs ; Full Hierarchy Name                                                         ; Library Name ;
+---------------------------------------+-------------+--------------+------------+------+--------------+--------------+-------------------+------------------+-----------------+------------+-----------------------------------------------------------------------------+--------------+
; |Periodmetru                          ; 105 (1)     ; 74           ; 0          ; 53   ; 0            ; 31 (1)       ; 16 (0)            ; 58 (0)           ; 0 (0)           ; 0 (0)      ; |Periodmetru                                                                ; work         ;
;    |Bloc_Comanda:inst23|              ; 6 (6)       ; 0            ; 0          ; 0    ; 0            ; 6 (6)        ; 0 (0)             ; 0 (0)            ; 0 (0)           ; 0 (0)      ; |Periodmetru|Bloc_Comanda:inst23                                            ; work         ;
;    |Bloc_Decodificare_Afisare:inst13| ; 21 (0)      ; 2            ; 0          ; 0    ; 0            ; 19 (0)       ; 0 (0)             ; 2 (0)            ; 0 (0)           ; 0 (0)      ; |Periodmetru|Bloc_Decodificare_Afisare:inst13                               ; work         ;
;       |Decodificator:inst4|           ; 7 (7)       ; 0            ; 0          ; 0    ; 0            ; 7 (7)        ; 0 (0)             ; 0 (0)            ; 0 (0)           ; 0 (0)      ; |Periodmetru|Bloc_Decodificare_Afisare:inst13|Decodificator:inst4           ; work         ;
;       |Decodificator_de_adresa:inst5| ; 4 (4)       ; 0            ; 0          ; 0    ; 0            ; 4 (4)        ; 0 (0)             ; 0 (0)            ; 0 (0)           ; 0 (0)      ; |Periodmetru|Bloc_Decodificare_Afisare:inst13|Decodificator_de_adresa:inst5 ; work         ;
;       |Mux41:inst1|                   ; 2 (0)       ; 0            ; 0          ; 0    ; 0            ; 2 (0)        ; 0 (0)             ; 0 (0)            ; 0 (0)           ; 0 (0)      ; |Periodmetru|Bloc_Decodificare_Afisare:inst13|Mux41:inst1                   ; work         ;
;          |Mux21:inst2|                ; 2 (2)       ; 0            ; 0          ; 0    ; 0            ; 2 (2)        ; 0 (0)             ; 0 (0)            ; 0 (0)           ; 0 (0)      ; |Periodmetru|Bloc_Decodificare_Afisare:inst13|Mux41:inst1|Mux21:inst2       ; work         ;
;       |Mux41:inst2|                   ; 2 (0)       ; 0            ; 0          ; 0    ; 0            ; 2 (0)        ; 0 (0)             ; 0 (0)            ; 0 (0)           ; 0 (0)      ; |Periodmetru|Bloc_Decodificare_Afisare:inst13|Mux41:inst2                   ; work         ;
;          |Mux21:inst2|                ; 2 (2)       ; 0            ; 0          ; 0    ; 0            ; 2 (2)        ; 0 (0)             ; 0 (0)            ; 0 (0)           ; 0 (0)      ; |Periodmetru|Bloc_Decodificare_Afisare:inst13|Mux41:inst2|Mux21:inst2       ; work         ;
;       |Mux41:inst3|                   ; 2 (0)       ; 0            ; 0          ; 0    ; 0            ; 2 (0)        ; 0 (0)             ; 0 (0)            ; 0 (0)           ; 0 (0)      ; |Periodmetru|Bloc_Decodificare_Afisare:inst13|Mux41:inst3                   ; work         ;
;          |Mux21:inst2|                ; 2 (2)       ; 0            ; 0          ; 0    ; 0            ; 2 (2)        ; 0 (0)             ; 0 (0)            ; 0 (0)           ; 0 (0)      ; |Periodmetru|Bloc_Decodificare_Afisare:inst13|Mux41:inst3|Mux21:inst2       ; work         ;
;       |Mux41:inst|                    ; 2 (0)       ; 0            ; 0          ; 0    ; 0            ; 2 (0)        ; 0 (0)             ; 0 (0)            ; 0 (0)           ; 0 (0)      ; |Periodmetru|Bloc_Decodificare_Afisare:inst13|Mux41:inst                    ; work         ;
;          |Mux21:inst2|                ; 2 (2)       ; 0            ; 0          ; 0    ; 0            ; 2 (2)        ; 0 (0)             ; 0 (0)            ; 0 (0)           ; 0 (0)      ; |Periodmetru|Bloc_Decodificare_Afisare:inst13|Mux41:inst|Mux21:inst2        ; work         ;
;       |Scaner:inst6|                  ; 2 (2)       ; 2            ; 0          ; 0    ; 0            ; 0 (0)        ; 0 (0)             ; 2 (2)            ; 0 (0)           ; 0 (0)      ; |Periodmetru|Bloc_Decodificare_Afisare:inst13|Scaner:inst6                  ; work         ;
;    |Bloc_Divizare:inst|               ; 42 (0)      ; 40           ; 0          ; 0    ; 0            ; 2 (0)        ; 0 (0)             ; 40 (0)           ; 0 (0)           ; 0 (0)      ; |Periodmetru|Bloc_Divizare:inst                                             ; work         ;
;       |Div_10:inst1|                  ; 4 (0)       ; 4            ; 0          ; 0    ; 0            ; 0 (0)        ; 0 (0)             ; 4 (0)            ; 0 (0)           ; 0 (0)      ; |Periodmetru|Bloc_Divizare:inst|Div_10:inst1                                ; work         ;
;          |Div_5:inst1|                ; 3 (3)       ; 3            ; 0          ; 0    ; 0            ; 0 (0)        ; 0 (0)             ; 3 (3)            ; 0 (0)           ; 0 (0)      ; |Periodmetru|Bloc_Divizare:inst|Div_10:inst1|Div_5:inst1                    ; work         ;
;          |Divizor_2:inst|             ; 1 (1)       ; 1            ; 0          ; 0    ; 0            ; 0 (0)        ; 0 (0)             ; 1 (1)            ; 0 (0)           ; 0 (0)      ; |Periodmetru|Bloc_Divizare:inst|Div_10:inst1|Divizor_2:inst                 ; work         ;
;       |Div_10:inst3|                  ; 4 (0)       ; 4            ; 0          ; 0    ; 0            ; 0 (0)        ; 0 (0)             ; 4 (0)            ; 0 (0)           ; 0 (0)      ; |Periodmetru|Bloc_Divizare:inst|Div_10:inst3                                ; work         ;
;          |Div_5:inst1|                ; 3 (3)       ; 3            ; 0          ; 0    ; 0            ; 0 (0)        ; 0 (0)             ; 3 (3)            ; 0 (0)           ; 0 (0)      ; |Periodmetru|Bloc_Divizare:inst|Div_10:inst3|Div_5:inst1                    ; work         ;
;          |Divizor_2:inst|             ; 1 (1)       ; 1            ; 0          ; 0    ; 0            ; 0 (0)        ; 0 (0)             ; 1 (1)            ; 0 (0)           ; 0 (0)      ; |Periodmetru|Bloc_Divizare:inst|Div_10:inst3|Divizor_2:inst                 ; work         ;
;       |Div_10:inst4|                  ; 4 (0)       ; 4            ; 0          ; 0    ; 0            ; 0 (0)        ; 0 (0)             ; 4 (0)            ; 0 (0)           ; 0 (0)      ; |Periodmetru|Bloc_Divizare:inst|Div_10:inst4                                ; work         ;
;          |Div_5:inst1|                ; 3 (3)       ; 3            ; 0          ; 0    ; 0            ; 0 (0)        ; 0 (0)             ; 3 (3)            ; 0 (0)           ; 0 (0)      ; |Periodmetru|Bloc_Divizare:inst|Div_10:inst4|Div_5:inst1                    ; work         ;
;          |Divizor_2:inst|             ; 1 (1)       ; 1            ; 0          ; 0    ; 0            ; 0 (0)        ; 0 (0)             ; 1 (1)            ; 0 (0)           ; 0 (0)      ; |Periodmetru|Bloc_Divizare:inst|Div_10:inst4|Divizor_2:inst                 ; work         ;
;       |Div_10:inst5|                  ; 4 (0)       ; 4            ; 0          ; 0    ; 0            ; 0 (0)        ; 0 (0)             ; 4 (0)            ; 0 (0)           ; 0 (0)      ; |Periodmetru|Bloc_Divizare:inst|Div_10:inst5                                ; work         ;
;          |Div_5:inst1|                ; 3 (3)       ; 3            ; 0          ; 0    ; 0            ; 0 (0)        ; 0 (0)             ; 3 (3)            ; 0 (0)           ; 0 (0)      ; |Periodmetru|Bloc_Divizare:inst|Div_10:inst5|Div_5:inst1                    ; work         ;
;          |Divizor_2:inst|             ; 1 (1)       ; 1            ; 0          ; 0    ; 0            ; 0 (0)        ; 0 (0)             ; 1 (1)            ; 0 (0)           ; 0 (0)      ; |Periodmetru|Bloc_Divizare:inst|Div_10:inst5|Divizor_2:inst                 ; work         ;
;       |Div_10:inst6|                  ; 4 (0)       ; 4            ; 0          ; 0    ; 0            ; 0 (0)        ; 0 (0)             ; 4 (0)            ; 0 (0)           ; 0 (0)      ; |Periodmetru|Bloc_Divizare:inst|Div_10:inst6                                ; work         ;
;          |Div_5:inst1|                ; 3 (3)       ; 3            ; 0          ; 0    ; 0            ; 0 (0)        ; 0 (0)             ; 3 (3)            ; 0 (0)           ; 0 (0)      ; |Periodmetru|Bloc_Divizare:inst|Div_10:inst6|Div_5:inst1                    ; work         ;
;          |Divizor_2:inst|             ; 1 (1)       ; 1            ; 0          ; 0    ; 0            ; 0 (0)        ; 0 (0)             ; 1 (1)            ; 0 (0)           ; 0 (0)      ; |Periodmetru|Bloc_Divizare:inst|Div_10:inst6|Divizor_2:inst                 ; work         ;
;       |Div_10:inst7|                  ; 4 (0)       ; 4            ; 0          ; 0    ; 0            ; 0 (0)        ; 0 (0)             ; 4 (0)            ; 0 (0)           ; 0 (0)      ; |Periodmetru|Bloc_Divizare:inst|Div_10:inst7                                ; work         ;
;          |Div_5:inst1|                ; 3 (3)       ; 3            ; 0          ; 0    ; 0            ; 0 (0)        ; 0 (0)             ; 3 (3)            ; 0 (0)           ; 0 (0)      ; |Periodmetru|Bloc_Divizare:inst|Div_10:inst7|Div_5:inst1                    ; work         ;
;          |Divizor_2:inst|             ; 1 (1)       ; 1            ; 0          ; 0    ; 0            ; 0 (0)        ; 0 (0)             ; 1 (1)            ; 0 (0)           ; 0 (0)      ; |Periodmetru|Bloc_Divizare:inst|Div_10:inst7|Divizor_2:inst                 ; work         ;
;       |Div_1296:inst2|                ; 12 (0)      ; 12           ; 0          ; 0    ; 0            ; 0 (0)        ; 0 (0)             ; 12 (0)           ; 0 (0)           ; 0 (0)      ; |Periodmetru|Bloc_Divizare:inst|Div_1296:inst2                              ; work         ;
;          |Div_16:inst|                ; 4 (0)       ; 4            ; 0          ; 0    ; 0            ; 0 (0)        ; 0 (0)             ; 4 (0)            ; 0 (0)           ; 0 (0)      ; |Periodmetru|Bloc_Divizare:inst|Div_1296:inst2|Div_16:inst                  ; work         ;
;             |Divizor_2:inst1|         ; 1 (1)       ; 1            ; 0          ; 0    ; 0            ; 0 (0)        ; 0 (0)             ; 1 (1)            ; 0 (0)           ; 0 (0)      ; |Periodmetru|Bloc_Divizare:inst|Div_1296:inst2|Div_16:inst|Divizor_2:inst1  ; work         ;
;             |Divizor_2:inst2|         ; 1 (1)       ; 1            ; 0          ; 0    ; 0            ; 0 (0)        ; 0 (0)             ; 1 (1)            ; 0 (0)           ; 0 (0)      ; |Periodmetru|Bloc_Divizare:inst|Div_1296:inst2|Div_16:inst|Divizor_2:inst2  ; work         ;
;             |Divizor_2:inst3|         ; 1 (1)       ; 1            ; 0          ; 0    ; 0            ; 0 (0)        ; 0 (0)             ; 1 (1)            ; 0 (0)           ; 0 (0)      ; |Periodmetru|Bloc_Divizare:inst|Div_1296:inst2|Div_16:inst|Divizor_2:inst3  ; work         ;
;             |Divizor_2:inst|          ; 1 (1)       ; 1            ; 0          ; 0    ; 0            ; 0 (0)        ; 0 (0)             ; 1 (1)            ; 0 (0)           ; 0 (0)      ; |Periodmetru|Bloc_Divizare:inst|Div_1296:inst2|Div_16:inst|Divizor_2:inst   ; work         ;
;          |Div_81:inst1|               ; 8 (0)       ; 8            ; 0          ; 0    ; 0            ; 0 (0)        ; 0 (0)             ; 8 (0)            ; 0 (0)           ; 0 (0)      ; |Periodmetru|Bloc_Divizare:inst|Div_1296:inst2|Div_81:inst1                 ; work         ;
;             |Divizor_3:inst2|         ; 2 (2)       ; 2            ; 0          ; 0    ; 0            ; 0 (0)        ; 0 (0)             ; 2 (2)            ; 0 (0)           ; 0 (0)      ; |Periodmetru|Bloc_Divizare:inst|Div_1296:inst2|Div_81:inst1|Divizor_3:inst2 ; work         ;
;             |Divizor_3:inst3|         ; 2 (2)       ; 2            ; 0          ; 0    ; 0            ; 0 (0)        ; 0 (0)             ; 2 (2)            ; 0 (0)           ; 0 (0)      ; |Periodmetru|Bloc_Divizare:inst|Div_1296:inst2|Div_81:inst1|Divizor_3:inst3 ; work         ;
;             |Divizor_3:inst4|         ; 2 (2)       ; 2            ; 0          ; 0    ; 0            ; 0 (0)        ; 0 (0)             ; 2 (2)            ; 0 (0)           ; 0 (0)      ; |Periodmetru|Bloc_Divizare:inst|Div_1296:inst2|Div_81:inst1|Divizor_3:inst4 ; work         ;
;             |Divizor_3:inst|          ; 2 (2)       ; 2            ; 0          ; 0    ; 0            ; 0 (0)        ; 0 (0)             ; 2 (2)            ; 0 (0)           ; 0 (0)      ; |Periodmetru|Bloc_Divizare:inst|Div_1296:inst2|Div_81:inst1|Divizor_3:inst  ; work         ;
;       |Divizor_2:inst28|              ; 1 (1)       ; 1            ; 0          ; 0    ; 0            ; 0 (0)        ; 0 (0)             ; 1 (1)            ; 0 (0)           ; 0 (0)      ; |Periodmetru|Bloc_Divizare:inst|Divizor_2:inst28                            ; work         ;
;       |Divizor_2:inst30|              ; 1 (1)       ; 1            ; 0          ; 0    ; 0            ; 0 (0)        ; 0 (0)             ; 1 (1)            ; 0 (0)           ; 0 (0)      ; |Periodmetru|Bloc_Divizare:inst|Divizor_2:inst30                            ; work         ;
;       |Divizor_2:inst32|              ; 1 (1)       ; 1            ; 0          ; 0    ; 0            ; 0 (0)        ; 0 (0)             ; 1 (1)            ; 0 (0)           ; 0 (0)      ; |Periodmetru|Bloc_Divizare:inst|Divizor_2:inst32                            ; work         ;
;       |Divizor_2:inst|                ; 1 (1)       ; 1            ; 0          ; 0    ; 0            ; 0 (0)        ; 0 (0)             ; 1 (1)            ; 0 (0)           ; 0 (0)      ; |Periodmetru|Bloc_Divizare:inst|Divizor_2:inst                              ; work         ;
;       |Mux41:inst8|                   ; 2 (0)       ; 0            ; 0          ; 0    ; 0            ; 2 (0)        ; 0 (0)             ; 0 (0)            ; 0 (0)           ; 0 (0)      ; |Periodmetru|Bloc_Divizare:inst|Mux41:inst8                                 ; work         ;
;          |Mux21:inst2|                ; 2 (2)       ; 0            ; 0          ; 0    ; 0            ; 2 (2)        ; 0 (0)             ; 0 (0)            ; 0 (0)           ; 0 (0)      ; |Periodmetru|Bloc_Divizare:inst|Mux41:inst8|Mux21:inst2                     ; work         ;
;    |Bloc_Memorare:inst19|             ; 16 (0)      ; 16           ; 0          ; 0    ; 0            ; 0 (0)        ; 16 (0)            ; 0 (0)            ; 0 (0)           ; 0 (0)      ; |Periodmetru|Bloc_Memorare:inst19                                           ; work         ;
;       |Registru_Memorare:inst5|       ; 4 (4)       ; 4            ; 0          ; 0    ; 0            ; 0 (0)        ; 4 (4)             ; 0 (0)            ; 0 (0)           ; 0 (0)      ; |Periodmetru|Bloc_Memorare:inst19|Registru_Memorare:inst5                   ; work         ;
;       |Registru_Memorare:inst6|       ; 4 (4)       ; 4            ; 0          ; 0    ; 0            ; 0 (0)        ; 4 (4)             ; 0 (0)            ; 0 (0)           ; 0 (0)      ; |Periodmetru|Bloc_Memorare:inst19|Registru_Memorare:inst6                   ; work         ;
;       |Registru_Memorare:inst7|       ; 4 (4)       ; 4            ; 0          ; 0    ; 0            ; 0 (0)        ; 4 (4)             ; 0 (0)            ; 0 (0)           ; 0 (0)      ; |Periodmetru|Bloc_Memorare:inst19|Registru_Memorare:inst7                   ; work         ;
;       |Registru_Memorare:inst|        ; 4 (4)       ; 4            ; 0          ; 0    ; 0            ; 0 (0)        ; 4 (4)             ; 0 (0)            ; 0 (0)           ; 0 (0)      ; |Periodmetru|Bloc_Memorare:inst19|Registru_Memorare:inst                    ; work         ;
;    |Bloc_Numarare_V2:inst18|          ; 19 (0)      ; 16           ; 0          ; 0    ; 0            ; 3 (0)        ; 0 (0)             ; 16 (0)           ; 0 (0)           ; 0 (0)      ; |Periodmetru|Bloc_Numarare_V2:inst18                                        ; work         ;
;       |Numarator_V2:inst2|            ; 5 (5)       ; 4            ; 0          ; 0    ; 0            ; 1 (1)        ; 0 (0)             ; 4 (4)            ; 0 (0)           ; 0 (0)      ; |Periodmetru|Bloc_Numarare_V2:inst18|Numarator_V2:inst2                     ; work         ;
;       |Numarator_V2:inst3|            ; 5 (5)       ; 4            ; 0          ; 0    ; 0            ; 1 (1)        ; 0 (0)             ; 4 (4)            ; 0 (0)           ; 0 (0)      ; |Periodmetru|Bloc_Numarare_V2:inst18|Numarator_V2:inst3                     ; work         ;
;       |Numarator_V2:inst4|            ; 4 (4)       ; 4            ; 0          ; 0    ; 0            ; 0 (0)        ; 0 (0)             ; 4 (4)            ; 0 (0)           ; 0 (0)      ; |Periodmetru|Bloc_Numarare_V2:inst18|Numarator_V2:inst4                     ; work         ;
;       |Numarator_V2:inst|             ; 5 (5)       ; 4            ; 0          ; 0    ; 0            ; 1 (1)        ; 0 (0)             ; 4 (4)            ; 0 (0)           ; 0 (0)      ; |Periodmetru|Bloc_Numarare_V2:inst18|Numarator_V2:inst                      ; work         ;
+---------------------------------------+-------------+--------------+------------+------+--------------+--------------+-------------------+------------------+-----------------+------------+-----------------------------------------------------------------------------+--------------+
Note: For table entries with two numbers listed, the numbers in parentheses indicate the number of resources of the given type used by the specific entity alone. The numbers listed outside of parentheses indicate the total resources of the given type used by the specific entity and all of its sub-entities in the hierarchy.


+------------------------------------------------------+
; General Register Statistics                          ;
+----------------------------------------------+-------+
; Statistic                                    ; Value ;
+----------------------------------------------+-------+
; Total registers                              ; 74    ;
; Number of registers using Synchronous Clear  ; 0     ;
; Number of registers using Synchronous Load   ; 0     ;
; Number of registers using Asynchronous Clear ; 16    ;
; Number of registers using Asynchronous Load  ; 0     ;
; Number of registers using Clock Enable       ; 0     ;
; Number of registers using Preset             ; 0     ;
+----------------------------------------------+-------+


+------------------------------------------------------------------------------------------------------------------------------------------------------------------------------------------+
; Multiplexer Restructuring Statistics (Restructuring Performed)                                                                                                                           ;
+--------------------+-----------+---------------+----------------------+------------------------+------------+----------------------------------------------------------------------------+
; Multiplexer Inputs ; Bus Width ; Baseline Area ; Area if Restructured ; Saving if Restructured ; Registered ; Example Multiplexer Output                                                 ;
+--------------------+-----------+---------------+----------------------+------------------------+------------+----------------------------------------------------------------------------+
; 4:1                ; 4 bits    ; 8 LEs         ; 8 LEs                ; 0 LEs                  ; No         ; |Periodmetru|Bloc_Decodificare_Afisare:inst13|Mux41:inst|Mux21:inst2|inst5 ;
+--------------------+-----------+---------------+----------------------+------------------------+------------+----------------------------------------------------------------------------+


+-------------------------------+
; Analysis & Synthesis Messages ;
+-------------------------------+
Info: *******************************************************************
Info: Running Quartus II Analysis & Synthesis
    Info: Version 9.1 Build 350 03/24/2010 Service Pack 2 SJ Web Edition
    Info: Processing started: Sun Feb 09 19:47:59 2025
Info: Command: quartus_map --read_settings_files=on --write_settings_files=off Periodmetru -c Periodmetru
Info: Found 1 design units, including 1 entities, in source file divizor_3.bdf
    Info: Found entity 1: Divizor_3
Info: Found 1 design units, including 1 entities, in source file divizor_2.bdf
    Info: Found entity 1: Divizor_2
Info: Found 1 design units, including 1 entities, in source file div_16.bdf
    Info: Found entity 1: Div_16
Info: Found 1 design units, including 1 entities, in source file div_81.bdf
    Info: Found entity 1: Div_81
Info: Found 1 design units, including 1 entities, in source file div_1296.bdf
    Info: Found entity 1: Div_1296
Info: Found 1 design units, including 1 entities, in source file bloc_divizare.bdf
    Info: Found entity 1: Bloc_Divizare
Info: Found 1 design units, including 1 entities, in source file div_10.bdf
    Info: Found entity 1: Div_10
Info: Found 1 design units, including 1 entities, in source file div_5.bdf
    Info: Found entity 1: Div_5
Info: Found 1 design units, including 1 entities, in source file periodmetru.bdf
    Info: Found entity 1: Periodmetru
Info: Found 1 design units, including 1 entities, in source file mux21.bdf
    Info: Found entity 1: Mux21
Info: Found 1 design units, including 1 entities, in source file registru_memorare.bdf
    Info: Found entity 1: Registru_Memorare
Info: Found 1 design units, including 1 entities, in source file bloc_memorare.bdf
    Info: Found entity 1: Bloc_Memorare
Info: Found 1 design units, including 1 entities, in source file bloc_comanda.bdf
    Info: Found entity 1: Bloc_Comanda
Info: Found 1 design units, including 1 entities, in source file numarator_v2.bdf
    Info: Found entity 1: Numarator_V2
Info: Found 1 design units, including 1 entities, in source file bloc_numarare_v2.bdf
    Info: Found entity 1: Bloc_Numarare_V2
Warning: Entity "Mux41" obtained from "C:/Users/CatWarrior/Downloads/Proiect_SD/Mux41.bdf" instead of from Quartus II megafunction library
Info: Found 1 design units, including 1 entities, in source file mux41.bdf
    Info: Found entity 1: Mux41
Info: Found 1 design units, including 1 entities, in source file bloc_decodificare_afisare.bdf
    Info: Found entity 1: Bloc_Decodificare_Afisare
Info: Found 1 design units, including 1 entities, in source file decodificator.bdf
    Info: Found entity 1: Decodificator
Info: Found 1 design units, including 1 entities, in source file decodificator_de_adresa.bdf
    Info: Found entity 1: Decodificator_de_adresa
Info: Found 1 design units, including 1 entities, in source file scaner.bdf
    Info: Found entity 1: Scaner
Info: Elaborating entity "Periodmetru" for the top level hierarchy
Info: Elaborating entity "Bloc_Divizare" for hierarchy "Bloc_Divizare:inst"
Info: Elaborating entity "Div_1296" for hierarchy "Bloc_Divizare:inst|Div_1296:inst2"
Info: Elaborating entity "Div_81" for hierarchy "Bloc_Divizare:inst|Div_1296:inst2|Div_81:inst1"
Info: Elaborating entity "Divizor_3" for hierarchy "Bloc_Divizare:inst|Div_1296:inst2|Div_81:inst1|Divizor_3:inst4"
Info: Elaborating entity "Div_16" for hierarchy "Bloc_Divizare:inst|Div_1296:inst2|Div_16:inst"
Info: Elaborating entity "Divizor_2" for hierarchy "Bloc_Divizare:inst|Div_1296:inst2|Div_16:inst|Divizor_2:inst3"
Info: Elaborating entity "Mux41" for hierarchy "Bloc_Divizare:inst|Mux41:inst8"
Info: Elaborating entity "Mux21" for hierarchy "Bloc_Divizare:inst|Mux41:inst8|Mux21:inst2"
Info: Elaborating entity "Div_10" for hierarchy "Bloc_Divizare:inst|Div_10:inst1"
Info: Elaborating entity "Div_5" for hierarchy "Bloc_Divizare:inst|Div_10:inst1|Div_5:inst1"
Info: Elaborating entity "Bloc_Comanda" for hierarchy "Bloc_Comanda:inst23"
Info: Elaborating entity "Bloc_Memorare" for hierarchy "Bloc_Memorare:inst19"
Info: Elaborating entity "Registru_Memorare" for hierarchy "Bloc_Memorare:inst19|Registru_Memorare:inst7"
Info: Elaborating entity "Bloc_Numarare_V2" for hierarchy "Bloc_Numarare_V2:inst18"
Info: Elaborating entity "Numarator_V2" for hierarchy "Bloc_Numarare_V2:inst18|Numarator_V2:inst4"
Info: Elaborating entity "Bloc_Decodificare_Afisare" for hierarchy "Bloc_Decodificare_Afisare:inst13"
Info: Elaborating entity "Decodificator_de_adresa" for hierarchy "Bloc_Decodificare_Afisare:inst13|Decodificator_de_adresa:inst5"
Info: Elaborating entity "Scaner" for hierarchy "Bloc_Decodificare_Afisare:inst13|Scaner:inst6"
Info: Elaborating entity "Decodificator" for hierarchy "Bloc_Decodificare_Afisare:inst13|Decodificator:inst4"
Warning: Clock multiplexers are found and protected
    Warning: Found clock multiplexer Bloc_Divizare:inst|Mux41:inst8|Mux21:inst2|inst5~synth
Info: Implemented 158 device resources after synthesis - the final resource count might be different
    Info: Implemented 4 input pins
    Info: Implemented 49 output pins
    Info: Implemented 105 logic cells
Info: Quartus II Analysis & Synthesis was successful. 0 errors, 3 warnings
    Info: Peak virtual memory: 224 megabytes
    Info: Processing ended: Sun Feb 09 19:48:00 2025
    Info: Elapsed time: 00:00:01
    Info: Total CPU time (on all processors): 00:00:01


